renderer/routes/Dashboard/DashboardPage.tsx(128,112): error TS2345: Argument of type 'Plan' is not assignable to parameter of type 'TestPlan'.
  Type 'Plan' is missing the following properties from type 'TestPlan': title, created, updated, testPlan
renderer/routes/Dashboard/useDashboard.ts(9,25): error TS7016: Could not find a declaration file for module '@/lib/hooks/useConfirmDialog'. 'C:/Projects/ARASTester/renderer/lib/hooks/useConfirmDialog.jsx' implicitly has an 'any' type.
renderer/routes/Dashboard/useDashboard.ts(10,1): error TS6133: 'TestPlan' is declared but its value is never read.
renderer/routes/Dashboard/useDashboard.ts(25,18): error TS2345: Argument of type 'TestPlan[]' is not assignable to parameter of type 'Plan[]'.
  Type 'TestPlan' is not assignable to type 'Plan'.
    Types of property '__filename' are incompatible.
      Type 'string | undefined' is not assignable to type 'string'.
        Type 'undefined' is not assignable to type 'string'.
renderer/routes/PlanDetails/usePlanDetails.ts(8,25): error TS7016: Could not find a declaration file for module '@/lib/hooks/useConfirmDialog'. 'C:/Projects/ARASTester/renderer/lib/hooks/useConfirmDialog.jsx' implicitly has an 'any' type.
renderer/routes/PlanDetails/usePlanDetails.ts(9,39): error TS6196: 'ActionPlugin' is declared but never used.
renderer/routes/PlanDetails/usePlanDetails.ts(11,50): error TS6133: 'onNavigate' is declared but its value is never read.
